0 verbose cli /usr/local/bin/node /usr/local/bin/npm
1 info using npm@11.7.0
2 info using node@v24.11.1
3 silly config load:file:/usr/local/lib/node_modules/npm/npmrc
4 silly config load:file:/Users/kathanpatel/Library/CloudStorage/GoogleDrive-patelkathan134@gmail.com/My Drive/SPENDLY/mobile/.npmrc
5 silly config load:file:/Users/kathanpatel/.npmrc
6 silly config load:file:/opt/homebrew/etc/npmrc
7 verbose title npm install expo@latest
8 verbose argv "install" "--save" "--cache" "--legacy-peer-deps" "expo@latest"
9 verbose logfile logs-max:10 dir:/Users/kathanpatel/Library/CloudStorage/GoogleDrive-patelkathan134@gmail.com/My Drive/SPENDLY/mobile/--legacy-peer-deps/_logs/2026-03-06T14_21_08_013Z-
10 verbose logfile /Users/kathanpatel/Library/CloudStorage/GoogleDrive-patelkathan134@gmail.com/My Drive/SPENDLY/mobile/--legacy-peer-deps/_logs/2026-03-06T14_21_08_013Z-debug-0.log
11 silly logfile done cleaning log files
12 silly packumentCache heap:4496293888 maxSize:1124073472 maxEntrySize:562036736
13 silly packumentCache corgi:https://registry.npmjs.org/expo cache-miss
14 verbose shrinkwrap failed to load node_modules/.package-lock.json out of date, updated: node_modules/@babel
15 http fetch GET 200 https://registry.npmjs.org/npm 425ms
16 http fetch GET 200 https://registry.npmjs.org/expo 341ms (cache miss)
17 silly packumentCache corgi:https://registry.npmjs.org/expo set size:undefined disposed:false
18 silly idealTree buildDeps
19 silly fetch manifest expo@55.0.5
20 silly packumentCache full:https://registry.npmjs.org/expo cache-miss
21 http fetch GET 200 https://registry.npmjs.org/expo 98ms (cache miss)
22 silly packumentCache full:https://registry.npmjs.org/expo set size:undefined disposed:false
23 silly fetch manifest @expo/dom-webview@*
24 silly packumentCache full:https://registry.npmjs.org/@expo%2fdom-webview cache-miss
25 http fetch GET 200 https://registry.npmjs.org/@expo%2fdom-webview 61ms (cache miss)
26 silly packumentCache full:https://registry.npmjs.org/@expo%2fdom-webview set size:undefined disposed:false
27 silly fetch manifest react@19.2.3
28 silly packumentCache full:https://registry.npmjs.org/react cache-miss
29 http fetch GET 200 https://registry.npmjs.org/react 378ms (cache miss)
30 silly packumentCache full:https://registry.npmjs.org/react set size:undefined disposed:false
31 silly fetch manifest react-native@0.84.1
32 silly packumentCache full:https://registry.npmjs.org/react-native cache-miss
33 http fetch GET 200 https://registry.npmjs.org/react-native 145ms (cache miss)
34 silly packumentCache full:https://registry.npmjs.org/react-native set size:undefined disposed:false
35 silly fetch manifest @types/react@~19.2.2
36 silly packumentCache full:https://registry.npmjs.org/@types%2freact cache-miss
37 http fetch GET 200 https://registry.npmjs.org/@types%2freact 210ms (cache miss)
38 silly packumentCache full:https://registry.npmjs.org/@types%2freact set size:undefined disposed:false
39 silly fetch manifest @expo/metro-runtime@*
40 silly packumentCache full:https://registry.npmjs.org/@expo%2fmetro-runtime cache-miss
41 http fetch GET 200 https://registry.npmjs.org/@expo%2fmetro-runtime 147ms (cache miss)
42 silly packumentCache full:https://registry.npmjs.org/@expo%2fmetro-runtime set size:undefined disposed:false
43 silly fetch manifest react-dom@*
44 silly packumentCache full:https://registry.npmjs.org/react-dom cache-miss
45 http fetch GET 200 https://registry.npmjs.org/react-dom 345ms (cache miss)
46 silly packumentCache full:https://registry.npmjs.org/react-dom set size:undefined disposed:false
47 silly fetch manifest react@^19.2.4
48 silly packumentCache full:https://registry.npmjs.org/react cache-miss
49 http cache https://registry.npmjs.org/react 11ms (cache hit)
50 silly packumentCache full:https://registry.npmjs.org/react set size:6531716 disposed:false
51 silly fetch manifest react-native-webview@*
52 silly packumentCache full:https://registry.npmjs.org/react-native-webview cache-miss
53 http fetch GET 200 https://registry.npmjs.org/react-native-webview 73ms (cache miss)
54 silly packumentCache full:https://registry.npmjs.org/react-native-webview set size:undefined disposed:false
55 silly placeDep ROOT expo@55.0.5 REPLACE for: expo-template-blank-typescript@55.1.9 want: 55.0.5
56 silly placeDep ROOT undefined@ OK for: expo-template-blank-typescript@55.1.9 want: /tmp/npmcache
57 silly fetch manifest react-dom@^16.8 || ^17.0 || ^18.0 || ^19.0 || ^19.0.0-rc
58 silly packumentCache full:https://registry.npmjs.org/react-dom cache-miss
59 http cache https://registry.npmjs.org/react-dom 8ms (cache hit)
60 silly packumentCache full:https://registry.npmjs.org/react-dom set size:8664930 disposed:false
61 silly fetch manifest react@^16.8 || ^17.0 || ^18.0 || ^19.0 || ^19.0.0-rc
62 silly packumentCache full:https://registry.npmjs.org/react cache-miss
63 http cache https://registry.npmjs.org/react 6ms (cache hit)
64 silly packumentCache full:https://registry.npmjs.org/react set size:6531716 disposed:false
65 silly placeDep ROOT react-dom@19.2.4 CONFLICT for: @radix-ui/react-collection@1.1.7 want: ^16.8 || ^17.0 || ^18.0 || ^19.0 || ^19.0.0-rc
66 warn ERESOLVE overriding peer dependency {
66 warn ERESOLVE   code: 'ERESOLVE',
66 warn ERESOLVE   edge: {
66 warn ERESOLVE     type: 'peer',
66 warn ERESOLVE     name: 'react',
66 warn ERESOLVE     spec: '^19.2.4',
66 warn ERESOLVE     error: 'INVALID',
66 warn ERESOLVE     from: {
66 warn ERESOLVE       name: 'react-dom',
66 warn ERESOLVE       version: '19.2.4',
66 warn ERESOLVE       location: 'node_modules/react-dom',
66 warn ERESOLVE       isWorkspace: false,
66 warn ERESOLVE       dependents: [Array]
66 warn ERESOLVE     }
66 warn ERESOLVE   },
66 warn ERESOLVE   dep: {
66 warn ERESOLVE     name: 'react',
66 warn ERESOLVE     version: '19.2.4',
66 warn ERESOLVE     whileInstalling: {
66 warn ERESOLVE       name: '@radix-ui/react-collection',
66 warn ERESOLVE       version: '1.1.7',
66 warn ERESOLVE       path: '/Users/kathanpatel/Library/CloudStorage/GoogleDrive-patelkathan134@gmail.com/My Drive/SPENDLY/mobile/node_modules/@radix-ui/react-collection'
66 warn ERESOLVE     },
66 warn ERESOLVE     location: 'node_modules/react',
66 warn ERESOLVE     isWorkspace: false,
66 warn ERESOLVE     dependents: [ [Object] ]
66 warn ERESOLVE   },
66 warn ERESOLVE   force: false,
66 warn ERESOLVE   isMine: false,
66 warn ERESOLVE   strictPeerDeps: false,
66 warn ERESOLVE   current: {
66 warn ERESOLVE     name: 'react',
66 warn ERESOLVE     version: '19.2.3',
66 warn ERESOLVE     location: 'node_modules/react',
66 warn ERESOLVE     isWorkspace: false,
66 warn ERESOLVE     dependents: [ [Object] ]
66 warn ERESOLVE   },
66 warn ERESOLVE   peerConflict: {
66 warn ERESOLVE     name: 'react',
66 warn ERESOLVE     version: '19.2.3',
66 warn ERESOLVE     location: 'node_modules/react',
66 warn ERESOLVE     isWorkspace: false,
66 warn ERESOLVE     dependents: [ [Object] ]
66 warn ERESOLVE   }
66 warn ERESOLVE }
67 silly fetch manifest react-native-worklets@>=0.7.0
68 silly packumentCache full:https://registry.npmjs.org/react-native-worklets cache-miss
69 http fetch GET 200 https://registry.npmjs.org/react-native-worklets 70ms (cache miss)
70 silly packumentCache full:https://registry.npmjs.org/react-native-worklets set size:undefined disposed:false
71 silly fetch manifest @babel/core@*
72 silly packumentCache full:https://registry.npmjs.org/@babel%2fcore cache-miss
73 http fetch GET 200 https://registry.npmjs.org/@babel%2fcore 226ms (cache miss)
74 silly packumentCache full:https://registry.npmjs.org/@babel%2fcore set size:undefined disposed:false
75 silly fetch manifest react@*
76 silly packumentCache full:https://registry.npmjs.org/react cache-miss
77 http cache https://registry.npmjs.org/react 7ms (cache hit)
78 silly packumentCache full:https://registry.npmjs.org/react set size:6531716 disposed:false
79 silly fetch manifest react-native@*
80 silly packumentCache full:https://registry.npmjs.org/react-native cache-miss
81 http cache https://registry.npmjs.org/react-native 14ms (cache hit)
82 silly packumentCache full:https://registry.npmjs.org/react-native set size:14923870 disposed:false
83 silly fetch manifest @types/react@^19.1.1
84 silly packumentCache full:https://registry.npmjs.org/@types%2freact cache-miss
85 http cache https://registry.npmjs.org/@types%2freact 3ms (cache hit)
86 silly packumentCache full:https://registry.npmjs.org/@types%2freact set size:2588986 disposed:false
87 silly placeDep ROOT react-native-worklets@0.7.4 OK for: react-native-reanimated@4.2.2 want: >=0.7.0
88 silly fetch manifest semver@7.7.3
89 silly packumentCache full:https://registry.npmjs.org/semver cache-miss
90 silly fetch manifest @babel/preset-typescript@7.27.1
91 silly packumentCache full:https://registry.npmjs.org/@babel%2fpreset-typescript cache-miss
92 silly fetch manifest @babel/plugin-transform-classes@7.28.4
93 silly packumentCache full:https://registry.npmjs.org/@babel%2fplugin-transform-classes cache-miss
94 silly fetch manifest @babel/plugin-transform-class-properties@7.27.1
95 silly packumentCache full:https://registry.npmjs.org/@babel%2fplugin-transform-class-properties cache-miss
96 silly fetch manifest @babel/plugin-transform-optional-chaining@7.27.1
97 silly packumentCache full:https://registry.npmjs.org/@babel%2fplugin-transform-optional-chaining cache-miss
98 silly fetch manifest @babel/plugin-transform-template-literals@7.27.1
99 silly packumentCache full:https://registry.npmjs.org/@babel%2fplugin-transform-template-literals cache-miss
100 silly fetch manifest @babel/plugin-transform-nullish-coalescing-operator@7.27.1
101 silly packumentCache full:https://registry.npmjs.org/@babel%2fplugin-transform-nullish-coalescing-operator cache-miss
102 http fetch GET 200 https://registry.npmjs.org/semver 66ms (cache miss)
103 silly packumentCache full:https://registry.npmjs.org/semver set size:undefined disposed:false
104 http fetch GET 200 https://registry.npmjs.org/@babel%2fpreset-typescript 80ms (cache miss)
105 silly packumentCache full:https://registry.npmjs.org/@babel%2fpreset-typescript set size:undefined disposed:false
106 http fetch GET 200 https://registry.npmjs.org/@babel%2fplugin-transform-optional-chaining 136ms (cache miss)
107 silly packumentCache full:https://registry.npmjs.org/@babel%2fplugin-transform-optional-chaining set size:undefined disposed:false
108 http fetch GET 200 https://registry.npmjs.org/@babel%2fplugin-transform-template-literals 137ms (cache miss)
109 silly packumentCache full:https://registry.npmjs.org/@babel%2fplugin-transform-template-literals set size:undefined disposed:false
110 http fetch GET 200 https://registry.npmjs.org/@babel%2fplugin-transform-class-properties 140ms (cache miss)
111 silly packumentCache full:https://registry.npmjs.org/@babel%2fplugin-transform-class-properties set size:undefined disposed:false
112 http fetch GET 200 https://registry.npmjs.org/@babel%2fplugin-transform-classes 152ms (cache miss)
113 silly packumentCache full:https://registry.npmjs.org/@babel%2fplugin-transform-classes set size:undefined disposed:false
114 http fetch GET 200 https://registry.npmjs.org/@babel%2fplugin-transform-nullish-coalescing-operator 255ms (cache miss)
115 silly packumentCache full:https://registry.npmjs.org/@babel%2fplugin-transform-nullish-coalescing-operator set size:undefined disposed:false
116 silly placeDep node_modules/react-native-worklets @babel/plugin-transform-class-properties@7.27.1 OK for: react-native-worklets@0.7.4 want: 7.27.1
117 silly placeDep node_modules/react-native-worklets @babel/plugin-transform-classes@7.28.4 OK for: react-native-worklets@0.7.4 want: 7.28.4
118 silly placeDep node_modules/react-native-worklets @babel/plugin-transform-nullish-coalescing-operator@7.27.1 OK for: react-native-worklets@0.7.4 want: 7.27.1
119 silly placeDep node_modules/react-native-worklets @babel/plugin-transform-optional-chaining@7.27.1 OK for: react-native-worklets@0.7.4 want: 7.27.1
120 silly placeDep ROOT @babel/plugin-transform-template-literals@7.27.1 OK for: react-native-worklets@0.7.4 want: 7.27.1
121 silly placeDep node_modules/react-native-worklets @babel/preset-typescript@7.27.1 OK for: react-native-worklets@0.7.4 want: 7.27.1
122 silly placeDep node_modules/react-native-worklets semver@7.7.3 OK for: react-native-worklets@0.7.4 want: 7.7.3
123 silly reify moves {}
124 silly audit bulk request {
124 silly audit   '@alloc/quick-lru': [ '5.2.0' ],
124 silly audit   '@babel/code-frame': [ '7.29.0' ],
124 silly audit   '@babel/compat-data': [ '7.29.0' ],
124 silly audit   '@babel/core': [ '7.29.0' ],
124 silly audit   semver: [ '6.3.1', '7.6.3', '7.7.3', '7.7.4' ],
124 silly audit   '@babel/generator': [ '7.29.1' ],
124 silly audit   '@babel/helper-annotate-as-pure': [ '7.27.3' ],
124 silly audit   '@babel/helper-compilation-targets': [ '7.28.6' ],
124 silly audit   '@babel/helper-create-class-features-plugin': [ '7.28.6' ],
124 silly audit   '@babel/helper-create-regexp-features-plugin': [ '7.28.5' ],
124 silly audit   '@babel/helper-define-polyfill-provider': [ '0.6.6' ],
124 silly audit   '@babel/helper-globals': [ '7.28.0' ],
124 silly audit   '@babel/helper-member-expression-to-functions': [ '7.28.5' ],
124 silly audit   '@babel/helper-module-imports': [ '7.28.6' ],
124 silly audit   '@babel/helper-module-transforms': [ '7.28.6' ],
124 silly audit   '@babel/helper-optimise-call-expression': [ '7.27.1' ],
124 silly audit   '@babel/helper-plugin-utils': [ '7.28.6' ],
124 silly audit   '@babel/helper-remap-async-to-generator': [ '7.27.1' ],
124 silly audit   '@babel/helper-replace-supers': [ '7.28.6' ],
124 silly audit   '@babel/helper-skip-transparent-expression-wrappers': [ '7.27.1' ],
124 silly audit   '@babel/helper-string-parser': [ '7.27.1' ],
124 silly audit   '@babel/helper-validator-identifier': [ '7.28.5' ],
124 silly audit   '@babel/helper-validator-option': [ '7.27.1' ],
124 silly audit   '@babel/helper-wrap-function': [ '7.28.6' ],
124 silly audit   '@babel/helpers': [ '7.28.6' ],
124 silly audit   '@babel/parser': [ '7.29.0' ],
124 silly audit   '@babel/plugin-proposal-decorators': [ '7.29.0' ],
124 silly audit   '@babel/plugin-proposal-export-default-from': [ '7.27.1' ],
124 silly audit   '@babel/plugin-syntax-async-generators': [ '7.8.4' ],
124 silly audit   '@babel/plugin-syntax-bigint': [ '7.8.3' ],
124 silly audit   '@babel/plugin-syntax-class-properties': [ '7.12.13' ],
124 silly audit   '@babel/plugin-syntax-class-static-block': [ '7.14.5' ],
124 silly audit   '@babel/plugin-syntax-decorators': [ '7.28.6' ],
124 silly audit   '@babel/plugin-syntax-dynamic-import': [ '7.8.3' ],
124 silly audit   '@babel/plugin-syntax-export-default-from': [ '7.28.6' ],
124 silly audit   '@babel/plugin-syntax-flow': [ '7.28.6' ],
124 silly audit   '@babel/plugin-syntax-import-attributes': [ '7.28.6' ],
124 silly audit   '@babel/plugin-syntax-import-meta': [ '7.10.4' ],
124 silly audit   '@babel/plugin-syntax-json-strings': [ '7.8.3' ],
124 silly audit   '@babel/plugin-syntax-jsx': [ '7.28.6' ],
124 silly audit   '@babel/plugin-syntax-logical-assignment-operators': [ '7.10.4' ],
124 silly audit   '@babel/plugin-syntax-nullish-coalescing-operator': [ '7.8.3' ],
124 silly audit   '@babel/plugin-syntax-numeric-separator': [ '7.10.4' ],
124 silly audit   '@babel/plugin-syntax-object-rest-spread': [ '7.8.3' ],
124 silly audit   '@babel/plugin-syntax-optional-catch-binding': [ '7.8.3' ],
124 silly audit   '@babel/plugin-syntax-optional-chaining': [ '7.8.3' ],
124 silly audit   '@babel/plugin-syntax-private-property-in-object': [ '7.14.5' ],
124 silly audit   '@babel/plugin-syntax-top-level-await': [ '7.14.5' ],
124 silly audit   '@babel/plugin-syntax-typescript': [ '7.28.6' ],
124 silly audit   '@babel/plugin-transform-arrow-functions': [ '7.27.1' ],
124 silly audit   '@babel/plugin-transform-async-generator-functions': [ '7.29.0' ],
124 silly audit   '@babel/plugin-transform-async-to-generator': [ '7.28.6' ],
124 silly audit   '@babel/plugin-transform-block-scoping': [ '7.28.6' ],
124 silly audit   '@babel/plugin-transform-class-properties': [ '7.28.6', '7.27.1' ],
124 silly audit   '@babel/plugin-transform-class-static-block': [ '7.28.6' ],
124 silly audit   '@babel/plugin-transform-classes': [ '7.28.6', '7.28.4' ],
124 silly audit   '@babel/plugin-transform-computed-properties': [ '7.28.6' ],
124 silly audit   '@babel/plugin-transform-destructuring': [ '7.28.5' ],
124 silly audit   '@babel/plugin-transform-export-namespace-from': [ '7.27.1' ],
124 silly audit   '@babel/plugin-transform-flow-strip-types': [ '7.27.1' ],
124 silly audit   '@babel/plugin-transform-for-of': [ '7.27.1' ],
124 silly audit   '@babel/plugin-transform-function-name': [ '7.27.1' ],
124 silly audit   '@babel/plugin-transform-literals': [ '7.27.1' ],
124 silly audit   '@babel/plugin-transform-logical-assignment-operators': [ '7.28.6' ],
124 silly audit   '@babel/plugin-transform-modules-commonjs': [ '7.28.6' ],
124 silly audit   '@babel/plugin-transform-named-capturing-groups-regex': [ '7.29.0' ],
124 silly audit   '@babel/plugin-transform-nullish-coalescing-operator': [ '7.28.6', '7.27.1' ],
124 silly audit   '@babel/plugin-transform-numeric-separator': [ '7.28.6' ],
124 silly audit   '@babel/plugin-transform-object-rest-spread': [ '7.28.6' ],
124 silly audit   '@babel/plugin-transform-optional-catch-binding': [ '7.28.6' ],
124 silly audit   '@babel/plugin-transform-optional-chaining': [ '7.28.6', '7.27.1' ],
124 silly audit   '@babel/plugin-transform-parameters': [ '7.27.7' ],
124 silly audit   '@babel/plugin-transform-private-methods': [ '7.28.6' ],
124 silly audit   '@babel/plugin-transform-private-property-in-object': [ '7.28.6' ],
124 silly audit   '@babel/plugin-transform-react-display-name': [ '7.28.0' ],
124 silly audit   '@babel/plugin-transform-react-jsx': [ '7.28.6' ],
124 silly audit   '@babel/plugin-transform-react-jsx-development': [ '7.27.1' ],
124 silly audit   '@babel/plugin-transform-react-jsx-self': [ '7.27.1' ],
124 silly audit   '@babel/plugin-transform-react-jsx-source': [ '7.27.1' ],
124 silly audit   '@babel/plugin-transform-react-pure-annotations': [ '7.27.1' ],
124 silly audit   '@babel/plugin-transform-regenerator': [ '7.29.0' ],
124 silly audit   '@babel/plugin-transform-runtime': [ '7.29.0' ],
124 silly audit   '@babel/plugin-transform-shorthand-properties': [ '7.27.1' ],
124 silly audit   '@babel/plugin-transform-spread': [ '7.28.6' ],
124 silly audit   '@babel/plugin-transform-sticky-regex': [ '7.27.1' ],
124 silly audit   '@babel/plugin-transform-typescript': [ '7.28.6' ],
124 silly audit   '@babel/plugin-transform-unicode-regex': [ '7.27.1' ],
124 silly audit   '@babel/preset-react': [ '7.28.5' ],
124 silly audit   '@babel/preset-typescript': [ '7.28.5', '7.27.1' ],
124 silly audit   '@babel/runtime': [ '7.28.6' ],
124 silly audit   '@babel/template': [ '7.28.6' ],
124 silly audit   '@babel/traverse': [ '7.29.0' ],
124 silly audit   '@babel/types': [ '7.29.0' ],
124 silly audit   '@expo-google-fonts/material-symbols': [ '0.4.25' ],
124 silly audit   '@expo/code-signing-certificates': [ '0.0.6' ],
124 silly audit   '@expo/config': [ '55.0.8' ],
124 silly audit   '@expo/config-plugins': [ '55.0.6' ],
124 silly audit   '@expo/config-types': [ '55.0.5' ],
124 silly audit   '@expo/devcert': [ '1.2.1' ],
124 silly audit   debug: [ '3.2.7', '2.6.9', '4.4.3' ],
124 silly audit   '@expo/devtools': [ '55.0.2' ],
124 silly audit   '@expo/dom-webview': [ '55.0.3' ],
124 silly audit   '@expo/env': [ '2.1.1' ],
124 silly audit   '@expo/fingerprint': [ '0.16.5' ],
124 silly audit   '@expo/image-utils': [ '0.8.12' ],
124 silly audit   '@expo/json-file': [ '10.0.12' ],
124 silly audit   '@expo/local-build-cache-provider': [ '55.0.6' ],
124 silly audit   '@expo/log-box': [ '55.0.7' ],
124 silly audit   '@expo/metro': [ '54.2.0' ],
124 silly audit   '@expo/osascript': [ '2.4.2' ],
124 silly audit   '@expo/package-manager': [ '1.10.3' ],
124 silly audit   '@expo/plist': [ '0.5.2' ],
124 silly audit   '@expo/require-utils': [ '55.0.2' ],
124 silly audit   '@expo/schema-utils': [ '55.0.2' ],
124 silly audit   '@expo/sdk-runtime-versions': [ '1.0.0' ],
124 silly audit   '@expo/spawn-async': [ '1.7.2' ],
124 silly audit   '@expo/sudo-prompt': [ '9.3.2' ],
124 silly audit   '@expo/ws-tunnel': [ '1.0.6' ],
124 silly audit   '@expo/xcpretty': [ '4.4.1' ],
124 silly audit   argparse: [ '2.0.1', '1.0.10' ],
124 silly audit   'js-yaml': [ '4.1.1', '3.14.2' ],
124 silly audit   '@isaacs/ttlcache': [ '1.4.1' ],
124 silly audit   '@istanbuljs/load-nyc-config': [ '1.1.0' ],
124 silly audit   camelcase: [ '5.3.1', '6.3.0' ],
124 silly audit   '@istanbuljs/schema': [ '0.1.3' ],
124 silly audit   '@jest/create-cache-key-function': [ '29.7.0' ],
124 silly audit   '@jest/environment': [ '29.7.0' ],
124 silly audit   '@jest/fake-timers': [ '29.7.0' ],
124 silly audit   '@jest/schemas': [ '29.6.3' ],
124 silly audit   '@jest/transform': [ '29.7.0' ],
124 silly audit   '@jest/types': [ '29.6.3' ],
124 silly audit   '@jridgewell/gen-mapping': [ '0.3.13' ],
124 silly audit   '@jridgewell/remapping': [ '2.3.5' ],
124 silly audit   '@jridgewell/resolve-uri': [ '3.1.2' ],
124 silly audit   '@jridgewell/source-map': [ '0.3.11' ],
124 silly audit   '@jridgewell/sourcemap-codec': [ '1.5.5' ],
124 silly audit   '@jridgewell/trace-mapping': [ '0.3.31' ],
124 silly audit   '@nodelib/fs.scandir': [ '2.1.5' ],
124 silly audit   '@nodelib/fs.stat': [ '2.0.5' ],
124 silly audit   '@nodelib/fs.walk': [ '1.2.8' ],
124 silly audit   '@radix-ui/primitive': [ '1.1.3' ],
124 silly audit   '@radix-ui/react-collection': [ '1.1.7' ],
124 silly audit   '@radix-ui/react-slot': [ '1.2.3', '1.2.4' ],
124 silly audit   '@radix-ui/react-compose-refs': [ '1.1.2' ],
124 silly audit   '@radix-ui/react-context': [ '1.1.2' ],
124 silly audit   '@radix-ui/react-dialog': [ '1.1.15' ],
124 silly audit   '@radix-ui/react-direction': [ '1.1.1' ],
124 silly audit   '@radix-ui/react-dismissable-layer': [ '1.1.11' ],
124 silly audit   '@radix-ui/react-focus-guards': [ '1.1.3' ],
124 silly audit   '@radix-ui/react-focus-scope': [ '1.1.7' ],
124 silly audit   '@radix-ui/react-id': [ '1.1.1' ],
124 silly audit   '@radix-ui/react-portal': [ '1.1.9' ],
124 silly audit   '@radix-ui/react-presence': [ '1.1.5' ],
124 silly audit   '@radix-ui/react-primitive': [ '2.1.3' ],
124 silly audit   '@radix-ui/react-roving-focus': [ '1.1.11' ],
124 silly audit   '@radix-ui/react-use-callback-ref': [ '1.1.1' ],
124 silly audit   '@radix-ui/react-use-controllable-state': [ '1.2.2' ],
124 silly audit   '@radix-ui/react-use-effect-event': [ '0.0.2' ],
124 silly audit   '@radix-ui/react-use-escape-keydown': [ '1.1.1' ],
124 silly audit   '@radix-ui/react-use-layout-effect': [ '1.1.1' ],
124 silly audit   '@react-native/assets-registry': [ '0.84.1' ],
124 silly audit   '@react-native/babel-plugin-codegen': [ '0.83.2' ],
124 silly audit   '@react-native/codegen': [ '0.83.2', '0.84.1' ],
124 silly audit   'balanced-match': [ '1.0.2', '4.0.4' ],
124 silly audit   'brace-expansion': [ '1.1.12', '5.0.4' ],
124 silly audit   glob: [ '7.2.3', '13.0.6' ],
124 silly audit   minimatch: [ '3.1.5', '10.2.4' ],
124 silly audit   '@react-native/babel-preset': [ '0.83.2' ],
124 silly audit   '@react-native/community-cli-plugin': [ '0.84.1' ],
124 silly audit   '@react-native/debugger-frontend': [ '0.84.1', '0.83.2' ],
124 silly audit   '@react-native/debugger-shell': [ '0.84.1', '0.83.2' ],
124 silly audit   '@react-native/dev-middleware': [ '0.84.1', '0.83.2' ],
124 silly audit   '@react-native/gradle-plugin': [ '0.84.1' ],
124 silly audit   '@react-native/js-polyfills': [ '0.84.1' ],
124 silly audit   '@react-native/normalize-colors': [ '0.84.1', '0.83.2' ],
124 silly audit   '@react-native/virtualized-lists': [ '0.84.1' ],
124 silly audit   '@react-navigation/bottom-tabs': [ '7.15.5' ],
124 silly audit   '@react-navigation/core': [ '7.16.1' ],
124 silly audit   'react-is': [ '19.2.4', '18.3.1' ],
124 silly audit   '@react-navigation/elements': [ '2.9.10' ],
124 silly audit   '@react-navigation/native': [ '7.1.33' ],
124 silly audit   '@react-navigation/native-stack': [ '7.14.4' ],
124 silly audit   '@react-navigation/routers': [ '7.5.3' ],
124 silly audit   '@sinclair/typebox': [ '0.27.10' ],
124 silly audit   '@sinonjs/commons': [ '3.0.1' ],
124 silly audit   '@sinonjs/fake-timers': [ '10.3.0' ],
124 silly audit   '@types/babel__core': [ '7.20.5' ],
124 silly audit   '@types/babel__generator': [ '7.27.0' ],
124 silly audit   '@types/babel__template': [ '7.4.4' ],
124 silly audit   '@types/babel__traverse': [ '7.28.0' ],
124 silly audit   '@types/graceful-fs': [ '4.1.9' ],
124 silly audit   '@types/istanbul-lib-coverage': [ '2.0.6' ],
124 silly audit   '@types/istanbul-lib-report': [ '3.0.3' ],
124 silly audit   '@types/istanbul-reports': [ '3.0.4' ],
124 silly audit   '@types/node': [ '25.3.5' ],
124 silly audit   '@types/react': [ '19.2.14' ],
124 silly audit   '@types/stack-utils': [ '2.0.3' ],
124 silly audit   '@types/yargs': [ '17.0.35' ],
124 silly audit   '@types/yargs-parser': [ '21.0.3' ],
124 silly audit   '@ungap/structured-clone': [ '1.3.0' ],
124 silly audit   '@xmldom/xmldom': [ '0.8.11' ],
124 silly audit   'abort-controller': [ '3.0.0' ],
124 silly audit   accepts: [ '1.3.8' ],
124 silly audit   acorn: [ '8.16.0' ],
124 silly audit   'agent-base': [ '7.1.4' ],
124 silly audit   anser: [ '1.4.10' ],
124 silly audit   'ansi-escapes': [ '4.3.2' ],
124 silly audit   'type-fest': [ '0.21.3', '0.7.1' ],
124 silly audit   'ansi-regex': [ '5.0.1', '4.1.1' ],
124 silly audit   'ansi-styles': [ '4.3.0', '3.2.1', '5.2.0' ],
124 silly audit   'any-promise': [ '1.3.0' ],
124 silly audit   anymatch: [ '3.1.3' ],
124 silly audit   arg: [ '5.0.2' ],
124 silly audit   'aria-hidden': [ '1.2.6' ],
124 silly audit   'array-timsort': [ '1.0.3' ],
124 silly audit   asap: [ '2.0.6' ],
124 silly audit   'babel-jest': [ '29.7.0' ],
124 silly audit   'babel-plugin-istanbul': [ '6.1.1' ],
124 silly audit   'babel-plugin-jest-hoist': [ '29.6.3' ],
124 silly audit   'babel-plugin-polyfill-corejs2': [ '0.4.15' ],
124 silly audit   'babel-plugin-polyfill-corejs3': [ '0.13.0' ],
124 silly audit   'babel-plugin-polyfill-regenerator': [ '0.6.6' ],
124 silly audit   'babel-plugin-react-compiler': [ '1.0.0' ],
124 silly audit   'babel-plugin-react-native-web': [ '0.21.2' ],
124 silly audit   'babel-plugin-syntax-hermes-parser': [ '0.32.0' ],
124 silly audit   'babel-plugin-transform-flow-enums': [ '0.0.2' ],
124 silly audit   'babel-preset-current-node-syntax': [ '1.2.0' ],
124 silly audit   'babel-preset-jest': [ '29.6.3' ],
124 silly audit   'base64-js': [ '1.5.1' ],
124 silly audit   'baseline-browser-mapping': [ '2.10.0' ],
124 silly audit   'better-opn': [ '3.0.2' ],
124 silly audit   open: [ '8.4.2', '7.4.2' ],
124 silly audit   'big-integer': [ '1.6.52' ],
124 silly audit   'binary-extensions': [ '2.3.0' ],
124 silly audit   'bplist-creator': [ '0.1.0' ],
124 silly audit   'bplist-parser': [ '0.3.1' ],
124 silly audit   braces: [ '3.0.3' ],
124 silly audit   browserslist: [ '4.28.1' ],
124 silly audit   bser: [ '2.1.1' ],
124 silly audit   'buffer-from': [ '1.1.2' ],
124 silly audit   bytes: [ '3.1.2' ],
124 silly audit   'camelcase-css': [ '2.0.1' ],
124 silly audit   'caniuse-lite': [ '1.0.30001777' ],
124 silly audit   chalk: [ '4.1.2', '2.4.2' ],
124 silly audit   chokidar: [ '3.6.0' ],
124 silly audit   'glob-parent': [ '5.1.2', '6.0.2' ],
124 silly audit   'chrome-launcher': [ '0.15.2' ],
124 silly audit   'chromium-edge-launcher': [ '0.2.0' ],
124 silly audit   'ci-info': [ '2.0.0', '3.9.0' ],
124 silly audit   'cli-cursor': [ '2.1.0' ],
124 silly audit   'cli-spinners': [ '2.9.2' ],
124 silly audit   'client-only': [ '0.0.1' ],
124 silly audit   cliui: [ '8.0.1' ],
124 silly audit   clone: [ '1.0.4' ],
124 silly audit   color: [ '4.2.3' ],
124 silly audit   'color-convert': [ '2.0.1', '1.9.3' ],
124 silly audit   'color-name': [ '1.1.4', '1.1.3' ],
124 silly audit   'color-string': [ '1.9.1' ],
124 silly audit   commander: [ '7.2.0', '12.1.0', '4.1.1', '2.20.3' ],
124 silly audit   'comment-json': [ '4.6.2' ],
124 silly audit   compressible: [ '2.0.18' ],
124 silly audit   compression: [ '1.8.1' ],
124 silly audit   ms: [ '2.0.0', '2.1.3' ],
124 silly audit   negotiator: [ '0.6.4', '0.6.3' ],
124 silly audit   'concat-map': [ '0.0.1' ],
124 silly audit   connect: [ '3.7.0' ],
124 silly audit   'convert-source-map': [ '2.0.0' ],
124 silly audit   'core-js-compat': [ '3.48.0' ],
124 silly audit   'cross-spawn': [ '7.0.6' ],
124 silly audit   cssesc: [ '3.0.0' ],
124 silly audit   csstype: [ '3.2.3' ],
124 silly audit   'decode-uri-component': [ '0.2.2' ],
124 silly audit   deepmerge: [ '4.3.1' ],
124 silly audit   defaults: [ '1.0.4' ],
124 silly audit   'define-lazy-prop': [ '2.0.0' ],
124 silly audit   depd: [ '2.0.0' ],
124 silly audit   destroy: [ '1.2.0' ],
124 silly audit   'detect-libc': [ '2.1.2', '1.0.3' ],
124 silly audit   'detect-node-es': [ '1.1.0' ],
124 silly audit   didyoumean: [ '1.2.2' ],
124 silly audit   dlv: [ '1.1.3' ],
124 silly audit   'dnssd-advertise': [ '1.1.3' ],
124 silly audit   'ee-first': [ '1.1.1' ],
124 silly audit   'electron-to-chromium': [ '1.5.307' ],
124 silly audit   'emoji-regex': [ '8.0.0' ],
124 silly audit   encodeurl: [ '1.0.2', '2.0.0' ],
124 silly audit   'error-stack-parser': [ '2.1.4' ],
124 silly audit   escalade: [ '3.2.0' ],
124 silly audit   'escape-html': [ '1.0.3' ],
124 silly audit   'escape-string-regexp': [ '4.0.0', '1.0.5', '2.0.0' ],
124 silly audit   esprima: [ '4.0.1' ],
124 silly audit   etag: [ '1.8.1' ],
124 silly audit   'event-target-shim': [ '5.0.1' ],
124 silly audit   'expo-constants': [ '55.0.7' ],
124 silly audit   'expo-font': [ '55.0.4' ],
124 silly audit   'expo-glass-effect': [ '55.0.7' ],
124 silly audit   'expo-haptics': [ '55.0.8' ],
124 silly audit   'expo-image': [ '55.0.6' ],
124 silly audit   'expo-linking': [ '55.0.7' ],
124 silly audit   'expo-modules-autolinking': [ '55.0.8' ],
124 silly audit   'expo-modules-core': [ '55.0.14' ],
124 silly audit   'expo-router': [ '55.0.4' ],
124 silly audit   '@expo/metro-runtime': [ '55.0.6' ],
124 silly audit   '@radix-ui/react-tabs': [ '1.1.13' ],
124 silly audit   'expo-secure-store': [ '55.0.8' ],
124 silly audit   'expo-server': [ '55.0.6' ],
124 silly audit   'expo-status-bar': [ '55.0.4' ],
124 silly audit   'expo-symbols': [ '55.0.5' ],
124 silly audit   ws: [ '7.5.10', '8.19.0' ],
124 silly audit   picomatch: [ '2.3.1', '4.0.3' ],
124 silly audit   'exponential-backoff': [ '3.1.3' ],
124 silly audit   'fast-deep-equal': [ '3.1.3' ],
124 silly audit   'fast-glob': [ '3.3.3' ],
124 silly audit   'fast-json-stable-stringify': [ '2.1.0' ],
124 silly audit   fastq: [ '1.20.1' ],
124 silly audit   'fb-dotslash': [ '0.5.8' ],
124 silly audit   'fb-watchman': [ '2.0.2' ],
124 silly audit   'fetch-nodeshim': [ '0.4.9' ],
124 silly audit   'fill-range': [ '7.1.1' ],
124 silly audit   'filter-obj': [ '1.1.0' ],
124 silly audit   finalhandler: [ '1.1.2' ],
124 silly audit   'find-up': [ '4.1.0' ],
124 silly audit   'flow-enums-runtime': [ '0.0.6' ],
124 silly audit   fontfaceobserver: [ '2.3.0' ],
124 silly audit   fresh: [ '0.5.2' ],
124 silly audit   'fs.realpath': [ '1.0.0' ],
124 silly audit   fsevents: [ '2.3.3' ],
124 silly audit   'function-bind': [ '1.1.2' ],
124 silly audit   gensync: [ '1.0.0-beta.2' ],
124 silly audit   'get-caller-file': [ '2.0.5' ],
124 silly audit   'get-nonce': [ '1.0.1' ],
124 silly audit   'get-package-type': [ '0.1.0' ],
124 silly audit   getenv: [ '2.0.0' ],
124 silly audit   'graceful-fs': [ '4.2.11' ],
124 silly audit   'has-flag': [ '4.0.0', '3.0.0' ],
124 silly audit   hasown: [ '2.0.2' ],
124 silly audit   'hermes-compiler': [ '250829098.0.9' ],
124 silly audit   'hermes-estree': [ '0.32.0' ],
124 silly audit   'hermes-parser': [ '0.32.0' ],
124 silly audit   'hosted-git-info': [ '7.0.2' ],
124 silly audit   'lru-cache': [ '10.4.3', '5.1.1', '11.2.6' ],
124 silly audit   'http-errors': [ '2.0.1' ],
124 silly audit   statuses: [ '2.0.2', '1.5.0' ],
124 silly audit   'https-proxy-agent': [ '7.0.6' ],
124 silly audit   ignore: [ '5.3.2' ],
124 silly audit   'image-size': [ '1.2.1' ],
124 silly audit   imurmurhash: [ '0.1.4' ],
124 silly audit   inflight: [ '1.0.6' ],
124 silly audit   inherits: [ '2.0.4' ],
124 silly audit   invariant: [ '2.2.4' ],
124 silly audit   'is-arrayish': [ '0.3.4' ],
124 silly audit   'is-binary-path': [ '2.1.0' ],
124 silly audit   'is-core-module': [ '2.16.1' ],
124 silly audit   'is-docker': [ '2.2.1' ],
124 silly audit   'is-extglob': [ '2.1.1' ],
124 silly audit   'is-fullwidth-code-point': [ '3.0.0' ],
124 silly audit   'is-glob': [ '4.0.3' ],
124 silly audit   'is-number': [ '7.0.0' ],
124 silly audit   'is-wsl': [ '2.2.0' ],
124 silly audit   isexe: [ '2.0.0' ],
124 silly audit   'istanbul-lib-coverage': [ '3.2.2' ],
124 silly audit   'istanbul-lib-instrument': [ '5.2.1' ],
124 silly audit   'jest-environment-node': [ '29.7.0' ],
124 silly audit   'jest-get-type': [ '29.6.3' ],
124 silly audit   'jest-haste-map': [ '29.7.0' ],
124 silly audit   'jest-message-util': [ '29.7.0' ],
124 silly audit   'jest-mock': [ '29.7.0' ],
124 silly audit   'jest-regex-util': [ '29.6.3' ],
124 silly audit   'jest-util': [ '29.7.0' ],
124 silly audit   'jest-validate': [ '29.7.0' ],
124 silly audit   'jest-worker': [ '29.7.0' ],
124 silly audit   'supports-color': [ '8.1.1', '5.5.0', '7.2.0' ],
124 silly audit   'jimp-compact': [ '0.16.1' ],
124 silly audit   jiti: [ '1.21.7' ],
124 silly audit   'js-tokens': [ '4.0.0' ],
124 silly audit   'jsc-safe-url': [ '0.2.4' ],
124 silly audit   jsesc: [ '3.1.0' ],
124 silly audit   json5: [ '2.2.3' ],
124 silly audit   kleur: [ '3.0.3' ],
124 silly audit   'lan-network': [ '0.2.0' ],
124 silly audit   leven: [ '3.1.0' ],
124 silly audit   'lighthouse-logger': [ '1.4.2' ],
124 silly audit   lightningcss: [ '1.31.1', '1.27.0' ],
124 silly audit   'lightningcss-android-arm64': [ '1.31.1' ],
124 silly audit   'lightningcss-darwin-arm64': [ '1.31.1', '1.27.0' ],
124 silly audit   'lightningcss-darwin-x64': [ '1.31.1', '1.27.0' ],
124 silly audit   'lightningcss-freebsd-x64': [ '1.31.1', '1.27.0' ],
124 silly audit   'lightningcss-linux-arm-gnueabihf': [ '1.31.1', '1.27.0' ],
124 silly audit   'lightningcss-linux-arm64-gnu': [ '1.31.1', '1.27.0' ],
124 silly audit   'lightningcss-linux-arm64-musl': [ '1.31.1', '1.27.0' ],
124 silly audit   'lightningcss-linux-x64-gnu': [ '1.31.1', '1.27.0' ],
124 silly audit   'lightningcss-linux-x64-musl': [ '1.31.1', '1.27.0' ],
124 silly audit   'lightningcss-win32-arm64-msvc': [ '1.31.1', '1.27.0' ],
124 silly audit   'lightningcss-win32-x64-msvc': [ '1.31.1', '1.27.0' ],
124 silly audit   lilconfig: [ '2.1.0', '3.1.3' ],
124 silly audit   'lines-and-columns': [ '1.2.4' ],
124 silly audit   'locate-path': [ '5.0.0' ],
124 silly audit   'lodash.debounce': [ '4.0.8' ],
124 silly audit   'lodash.throttle': [ '4.1.1' ],
124 silly audit   'log-symbols': [ '2.2.0' ],
124 silly audit   'loose-envify': [ '1.4.0' ],
124 silly audit   makeerror: [ '1.0.12' ],
124 silly audit   marky: [ '1.3.0' ],
124 silly audit   'memoize-one': [ '5.2.1' ],
124 silly audit   'merge-stream': [ '2.0.0' ],
124 silly audit   merge2: [ '1.4.1' ],
124 silly audit   metro: [ '0.83.3' ],
124 silly audit   'metro-babel-transformer': [ '0.83.3' ],
124 silly audit   'metro-cache': [ '0.83.3' ],
124 silly audit   'metro-cache-key': [ '0.83.3' ],
124 silly audit   'metro-config': [ '0.83.3' ],
124 silly audit   'metro-core': [ '0.83.3' ],
124 silly audit   'metro-file-map': [ '0.83.3' ],
124 silly audit   'metro-minify-terser': [ '0.83.3' ],
124 silly audit   'metro-resolver': [ '0.83.3' ],
124 silly audit   'metro-runtime': [ '0.83.3' ],
124 silly audit   'metro-source-map': [ '0.83.3' ],
124 silly audit   'metro-symbolicate': [ '0.83.3' ],
124 silly audit   'metro-transform-plugins': [ '0.83.3' ],
124 silly audit   'metro-transform-worker': [ '0.83.3' ],
124 silly audit   micromatch: [ '4.0.8' ],
124 silly audit   mime: [ '1.6.0' ],
124 silly audit   'mime-db': [ '1.52.0' ],
124 silly audit   'mime-types': [ '2.1.35' ],
124 silly audit   'mimic-fn': [ '1.2.0' ],
124 silly audit   minipass: [ '7.1.3' ],
124 silly audit   mkdirp: [ '1.0.4' ],
124 silly audit   multitars: [ '0.2.4' ],
124 silly audit   mz: [ '2.7.0' ],
124 silly audit   nanoid: [ '3.3.11' ],
124 silly audit   nativewind: [ '4.2.2' ],
124 silly audit   'node-forge': [ '1.3.3' ],
124 silly audit   'node-int64': [ '0.4.0' ],
124 silly audit   'node-releases': [ '2.0.36' ],
124 silly audit   'normalize-path': [ '3.0.0' ],
124 silly audit   'npm-package-arg': [ '11.0.3' ],
124 silly audit   nullthrows: [ '1.1.1' ],
124 silly audit   ob1: [ '0.83.3' ],
124 silly audit   'object-assign': [ '4.1.1' ],
124 silly audit   'object-hash': [ '3.0.0' ],
124 silly audit   'on-finished': [ '2.3.0', '2.4.1' ],
124 silly audit   'on-headers': [ '1.1.0' ],
124 silly audit   once: [ '1.4.0' ],
124 silly audit   onetime: [ '2.0.1' ],
124 silly audit   ora: [ '3.4.0' ],
124 silly audit   'strip-ansi': [ '5.2.0', '6.0.1' ],
124 silly audit   'p-limit': [ '2.3.0' ],
124 silly audit   'p-locate': [ '4.1.0' ],
124 silly audit   'p-try': [ '2.2.0' ],
124 silly audit   'parse-png': [ '2.1.0' ],
124 silly audit   parseurl: [ '1.3.3' ],
124 silly audit   'path-exists': [ '4.0.0' ],
124 silly audit   'path-is-absolute': [ '1.0.1' ],
124 silly audit   'path-key': [ '3.1.1' ],
124 silly audit   'path-parse': [ '1.0.7' ],
124 silly audit   'path-scurry': [ '2.0.2' ],
124 silly audit   picocolors: [ '1.1.1' ],
124 silly audit   pify: [ '2.3.0' ],
124 silly audit   pirates: [ '4.0.7' ],
124 silly audit   plist: [ '3.1.0' ],
124 silly audit   pngjs: [ '3.4.0' ],
124 silly audit   postcss: [ '8.4.49' ],
124 silly audit   'postcss-import': [ '15.1.0' ],
124 silly audit   'postcss-js': [ '4.1.0' ],
124 silly audit   'postcss-load-config': [ '4.0.2' ],
124 silly audit   'postcss-nested': [ '6.2.0' ],
124 silly audit   'postcss-selector-parser': [ '6.1.2' ],
124 silly audit   'postcss-value-parser': [ '4.2.0' ],
124 silly audit   'pretty-format': [ '29.7.0' ],
124 silly audit   'proc-log': [ '4.2.0' ],
124 silly audit   progress: [ '2.0.3' ],
124 silly audit   promise: [ '8.3.0' ],
124 silly audit   prompts: [ '2.4.2' ],
124 silly audit   'query-string': [ '7.1.3' ],
124 silly audit   queue: [ '6.0.2' ],
124 silly audit   'queue-microtask': [ '1.2.3' ],
124 silly audit   'range-parser': [ '1.2.1' ],
124 silly audit   react: [ '19.2.3' ],
124 silly audit   'react-devtools-core': [ '6.1.5' ],
124 silly audit   'react-fast-compare': [ '3.2.2' ],
124 silly audit   'react-freeze': [ '1.0.4' ],
124 silly audit   'react-native': [ '0.84.1' ],
124 silly audit   'react-native-css-interop': [ '0.2.2' ],
124 silly audit   'react-native-is-edge-to-edge': [ '1.3.1', '1.2.1' ],
124 silly audit   'react-native-reanimated': [ '4.2.2' ],
124 silly audit   'react-native-safe-area-context': [ '5.7.0' ],
124 silly audit   'react-native-screens': [ '4.24.0' ],
124 silly audit   'react-refresh': [ '0.14.2' ],
124 silly audit   'react-remove-scroll': [ '2.7.2' ],
124 silly audit   'react-remove-scroll-bar': [ '2.3.8' ],
124 silly audit   'react-style-singleton': [ '2.2.3' ],
124 silly audit   'read-cache': [ '1.0.0' ],
124 silly audit   readdirp: [ '3.6.0' ],
124 silly audit   regenerate: [ '1.4.2' ],
124 silly audit   'regenerate-unicode-properties': [ '10.2.2' ],
124 silly audit   'regenerator-runtime': [ '0.13.11' ],
124 silly audit   'regexpu-core': [ '6.4.0' ],
124 silly audit   regjsgen: [ '0.8.0' ],
124 silly audit   regjsparser: [ '0.13.0' ],
124 silly audit   'require-directory': [ '2.1.1' ],
124 silly audit   resolve: [ '1.22.11' ],
124 silly audit   'resolve-from': [ '5.0.0' ],
124 silly audit   'resolve-workspace-root': [ '2.0.1' ],
124 silly audit   'restore-cursor': [ '2.0.0' ],
124 silly audit   reusify: [ '1.1.0' ],
124 silly audit   rimraf: [ '3.0.2' ],
124 silly audit   'run-parallel': [ '1.2.0' ],
124 silly audit   'safe-buffer': [ '5.2.1' ],
124 silly audit   sax: [ '1.5.0' ],
124 silly audit   scheduler: [ '0.27.0' ],
124 silly audit   send: [ '0.19.2' ],
124 silly audit   'serialize-error': [ '2.1.0' ],
124 silly audit   'serve-static': [ '1.16.3' ],
124 silly audit   'server-only': [ '0.0.1' ],
124 silly audit   setprototypeof: [ '1.2.0' ],
124 silly audit   'sf-symbols-typescript': [ '2.2.0' ],
124 silly audit   shallowequal: [ '1.1.0' ],
124 silly audit   'shebang-command': [ '2.0.0' ],
124 silly audit   'shebang-regex': [ '3.0.0' ],
124 silly audit   'shell-quote': [ '1.8.3' ],
124 silly audit   'signal-exit': [ '3.0.7' ],
124 silly audit   'simple-plist': [ '1.3.1' ],
124 silly audit   'simple-swizzle': [ '0.2.4' ],
124 silly audit   sisteransi: [ '1.0.5' ],
124 silly audit   slash: [ '3.0.0' ],
124 silly audit   slugify: [ '1.6.6' ],
124 silly audit   'source-map': [ '0.5.7', '0.6.1' ],
124 silly audit   'source-map-js': [ '1.2.1' ],
124 silly audit   'source-map-support': [ '0.5.21' ],
124 silly audit   'split-on-first': [ '1.1.0' ],
124 silly audit   'sprintf-js': [ '1.0.3' ],
124 silly audit   'stack-utils': [ '2.0.6' ],
124 silly audit   stackframe: [ '1.3.4' ],
124 silly audit   'stacktrace-parser': [ '0.1.11' ],
124 silly audit   'stream-buffers': [ '2.2.0' ],
124 silly audit   'strict-uri-encode': [ '2.0.0' ],
124 silly audit   'string-width': [ '4.2.3' ],
124 silly audit   'structured-headers': [ '0.4.1' ],
124 silly audit   sucrase: [ '3.35.1' ],
124 silly audit   'supports-hyperlinks': [ '2.3.0' ],
124 silly audit   'supports-preserve-symlinks-flag': [ '1.0.0' ],
124 silly audit   tailwindcss: [ '3.3.2' ],
124 silly audit   'terminal-link': [ '2.1.1' ],
124 silly audit   terser: [ '5.46.0' ],
124 silly audit   'test-exclude': [ '6.0.0' ],
124 silly audit   thenify: [ '3.3.1' ],
124 silly audit   'thenify-all': [ '1.6.0' ],
124 silly audit   throat: [ '5.0.0' ],
124 silly audit   tinyglobby: [ '0.2.15' ],
124 silly audit   fdir: [ '6.5.0' ],
124 silly audit   tmpl: [ '1.0.5' ],
124 silly audit   'to-regex-range': [ '5.0.1' ],
124 silly audit   toidentifier: [ '1.0.1' ],
124 silly audit   toqr: [ '0.1.1' ],
124 silly audit   'ts-interface-checker': [ '0.1.13' ],
124 silly audit   tslib: [ '2.8.1' ],
124 silly audit   'type-detect': [ '4.0.8' ],
124 silly audit   typescript: [ '5.9.3' ],
124 silly audit   'undici-types': [ '7.18.2' ],
124 silly audit   'unicode-canonical-property-names-ecmascript': [ '2.0.1' ],
124 silly audit   'unicode-match-property-ecmascript': [ '2.0.0' ],
124 silly audit   'unicode-match-property-value-ecmascript': [ '2.2.1' ],
124 silly audit   'unicode-property-aliases-ecmascript': [ '2.2.0' ],
124 silly audit   unpipe: [ '1.0.0' ],
124 silly audit   'update-browserslist-db': [ '1.2.3' ],
124 silly audit   'use-callback-ref': [ '1.3.3' ],
124 silly audit   'use-latest-callback': [ '0.2.6' ],
124 silly audit   'use-sidecar': [ '1.1.3' ],
124 silly audit   'use-sync-external-store': [ '1.6.0' ],
124 silly audit   'util-deprecate': [ '1.0.2' ],
124 silly audit   'utils-merge': [ '1.0.1' ],
124 silly audit   uuid: [ '7.0.3' ],
124 silly audit   'validate-npm-package-name': [ '5.0.1' ],
124 silly audit   vary: [ '1.1.2' ],
124 silly audit   vaul: [ '1.1.2' ],
124 silly audit   vlq: [ '1.0.1' ],
124 silly audit   walker: [ '1.0.8' ],
124 silly audit   'warn-once': [ '0.1.1' ],
124 silly audit   wcwidth: [ '1.0.1' ],
124 silly audit   'whatwg-fetch': [ '3.6.20' ],
124 silly audit   'whatwg-url-minimum': [ '0.1.1' ],
124 silly audit   which: [ '2.0.2' ],
124 silly audit   'wrap-ansi': [ '7.0.0' ],
124 silly audit   wrappy: [ '1.0.2' ],
124 silly audit   'write-file-atomic': [ '4.0.2' ],
124 silly audit   xcode: [ '3.0.1' ],
124 silly audit   xml2js: [ '0.6.0' ],
124 silly audit   xmlbuilder: [ '11.0.1', '15.1.1' ],
124 silly audit   y18n: [ '5.0.8' ],
124 silly audit   yallist: [ '3.1.1' ],
124 silly audit   yaml: [ '2.8.2' ],
124 silly audit   yargs: [ '17.7.2' ],
124 silly audit   'yargs-parser': [ '21.1.1' ],
124 silly audit   zod: [ '3.25.76' ],
124 silly audit   expo: [ '55.0.5' ],
124 silly audit   '@expo/cli': [ '55.0.15' ],
124 silly audit   '@expo/prebuild-config': [ '55.0.8' ],
124 silly audit   '@expo/router-server': [ '55.0.9' ],
124 silly audit   '@expo/metro-config': [ '55.0.9' ],
124 silly audit   '@expo/vector-icons': [ '15.1.1' ],
124 silly audit   'babel-preset-expo': [ '55.0.10' ],
124 silly audit   'expo-asset': [ '55.0.8' ],
124 silly audit   'expo-file-system': [ '55.0.10' ],
124 silly audit   'expo-keep-awake': [ '55.0.4' ],
124 silly audit   'react-dom': [ '19.2.4' ],
124 silly audit   'react-native-worklets': [ '0.7.4' ],
124 silly audit   '@babel/plugin-transform-template-literals': [ '7.27.1' ]
124 silly audit }
125 http cache @babel/plugin-transform-template-literals@https://registry.npmjs.org/@babel/plugin-transform-template-literals/-/plugin-transform-template-literals-7.27.1.tgz 0ms (cache hit)
126 http cache react-native-worklets@https://registry.npmjs.org/react-native-worklets/-/react-native-worklets-0.7.4.tgz 0ms (cache hit)
127 http cache @babel/plugin-transform-classes@https://registry.npmjs.org/@babel/plugin-transform-classes/-/plugin-transform-classes-7.28.4.tgz 0ms (cache hit)
128 http cache @babel/plugin-transform-optional-chaining@https://registry.npmjs.org/@babel/plugin-transform-optional-chaining/-/plugin-transform-optional-chaining-7.27.1.tgz 0ms (cache hit)
129 http cache react-dom@https://registry.npmjs.org/react-dom/-/react-dom-19.2.4.tgz 0ms (cache hit)
130 http cache @babel/plugin-transform-nullish-coalescing-operator@https://registry.npmjs.org/@babel/plugin-transform-nullish-coalescing-operator/-/plugin-transform-nullish-coalescing-operator-7.27.1.tgz 0ms (cache hit)
131 http cache @babel/preset-typescript@https://registry.npmjs.org/@babel/preset-typescript/-/preset-typescript-7.27.1.tgz 0ms (cache hit)
132 http cache @babel/plugin-transform-class-properties@https://registry.npmjs.org/@babel/plugin-transform-class-properties/-/plugin-transform-class-properties-7.27.1.tgz 0ms (cache hit)
133 http cache semver@https://registry.npmjs.org/semver/-/semver-7.7.3.tgz 0ms (cache hit)
134 silly tarball no local data for @babel/plugin-transform-template-literals@https://registry.npmjs.org/@babel/plugin-transform-template-literals/-/plugin-transform-template-literals-7.27.1.tgz. Extracting by manifest.
135 silly tarball no local data for react-native-worklets@https://registry.npmjs.org/react-native-worklets/-/react-native-worklets-0.7.4.tgz. Extracting by manifest.
136 silly tarball no local data for @babel/plugin-transform-classes@https://registry.npmjs.org/@babel/plugin-transform-classes/-/plugin-transform-classes-7.28.4.tgz. Extracting by manifest.
137 silly tarball no local data for @babel/plugin-transform-optional-chaining@https://registry.npmjs.org/@babel/plugin-transform-optional-chaining/-/plugin-transform-optional-chaining-7.27.1.tgz. Extracting by manifest.
138 silly tarball no local data for react-dom@https://registry.npmjs.org/react-dom/-/react-dom-19.2.4.tgz. Extracting by manifest.
139 silly tarball no local data for @babel/plugin-transform-nullish-coalescing-operator@https://registry.npmjs.org/@babel/plugin-transform-nullish-coalescing-operator/-/plugin-transform-nullish-coalescing-operator-7.27.1.tgz. Extracting by manifest.
140 silly tarball no local data for @babel/preset-typescript@https://registry.npmjs.org/@babel/preset-typescript/-/preset-typescript-7.27.1.tgz. Extracting by manifest.
141 silly tarball no local data for @babel/plugin-transform-class-properties@https://registry.npmjs.org/@babel/plugin-transform-class-properties/-/plugin-transform-class-properties-7.27.1.tgz. Extracting by manifest.
142 silly tarball no local data for semver@https://registry.npmjs.org/semver/-/semver-7.7.3.tgz. Extracting by manifest.
143 http fetch GET 200 https://registry.npmjs.org/@babel/plugin-transform-classes/-/plugin-transform-classes-7.28.4.tgz 54ms (cache miss)
144 http fetch GET 200 https://registry.npmjs.org/@babel/plugin-transform-template-literals/-/plugin-transform-template-literals-7.27.1.tgz 63ms (cache miss)
145 http fetch GET 200 https://registry.npmjs.org/@babel/plugin-transform-nullish-coalescing-operator/-/plugin-transform-nullish-coalescing-operator-7.27.1.tgz 62ms (cache miss)
146 http fetch GET 200 https://registry.npmjs.org/@babel/plugin-transform-optional-chaining/-/plugin-transform-optional-chaining-7.27.1.tgz 63ms (cache miss)
147 http fetch POST 200 https://registry.npmjs.org/-/npm/v1/security/advisories/bulk 160ms
148 silly audit report {}
149 http fetch GET 200 https://registry.npmjs.org/react-native-worklets/-/react-native-worklets-0.7.4.tgz 211ms (cache miss)
150 http fetch GET 200 https://registry.npmjs.org/@babel/preset-typescript/-/preset-typescript-7.27.1.tgz 221ms (cache miss)
151 http fetch GET 200 https://registry.npmjs.org/semver/-/semver-7.7.3.tgz 229ms (cache miss)
152 http fetch GET 200 https://registry.npmjs.org/@babel/plugin-transform-class-properties/-/plugin-transform-class-properties-7.27.1.tgz 293ms (cache miss)
153 http fetch GET 200 https://registry.npmjs.org/react-dom/-/react-dom-19.2.4.tgz 297ms (cache miss)
154 silly ADD node_modules/@babel/plugin-transform-template-literals
155 silly ADD node_modules/react-native-worklets
156 silly ADD node_modules/react-native-worklets/node_modules/semver
157 silly ADD node_modules/react-native-worklets/node_modules/@babel/preset-typescript
158 silly ADD node_modules/react-native-worklets/node_modules/@babel/plugin-transform-optional-chaining
159 silly ADD node_modules/react-native-worklets/node_modules/@babel/plugin-transform-nullish-coalescing-operator
160 silly ADD node_modules/react-native-worklets/node_modules/@babel/plugin-transform-classes
161 silly ADD node_modules/react-native-worklets/node_modules/@babel/plugin-transform-class-properties
162 silly ADD node_modules/react-dom
163 silly ADD node_modules/undefined
164 verbose cwd /Users/kathanpatel/Library/CloudStorage/GoogleDrive-patelkathan134@gmail.com/My Drive/SPENDLY/mobile
165 verbose os Darwin 25.4.0
166 verbose node v24.11.1
167 verbose npm  v11.7.0
168 notice
168 notice New [33mminor[39m version of npm available! [33m11.7.0[39m -> [34m11.11.0[39m
168 notice Changelog: [34mhttps://github.com/npm/cli/releases/tag/v11.11.0[39m
168 notice To update run: [4mnpm install -g npm@11.11.0[24m
168 notice  { force: true, Symbol(proc-log.meta): true }
169 verbose exit 0
170 info ok
